<?xml version="1.0" encoding="UTF-8"?>
<testsuite xmlns:xsi="http://www.w3.org/2001/XMLSchema-instance" xsi:noNamespaceSchemaLocation="https://maven.apache.org/surefire/maven-surefire-plugin/xsd/surefire-test-report.xsd" version="3.0.2" name="com.keepguard.ms_user_consents.adapters.in.rest.userConsent.UserConsentControllerTest" time="0.203" tests="10" errors="0" skipped="0" failures="0">
  <properties>
[...]
</properties>
  <testcase name="shouldReturn400WhenInvalidData" classname="com.keepguard.ms_user_consents.adapters.in.rest.userConsent.UserConsentControllerTest" time="0.07">
    <system-out><![CDATA[22:41:18.388 [main] INFO org.springframework.mock.web.MockServletContext -- Initializing Spring TestDispatcherServlet ''
22:41:18.388 [main] INFO org.springframework.test.web.servlet.TestDispatcherServlet -- Initializing Servlet ''
22:41:18.389 [main] INFO org.springframework.test.web.servlet.TestDispatcherServlet -- Completed initialization in 1 ms
22:41:18.416 [main] WARN org.springframework.web.servlet.mvc.support.DefaultHandlerExceptionResolver -- Resolved [org.springframework.http.converter.HttpMessageNotReadableException: JSON parse error: Cannot deserialize value of type `java.util.UUID` from String "invalid-uuid": UUID has to be represented by standard 36-char representation]
]]></system-out>
  </testcase>
  <testcase name="shouldAcceptAllReturnBadRequestWithInvalidData" classname="com.keepguard.ms_user_consents.adapters.in.rest.userConsent.UserConsentControllerTest" time="0.009">
    <system-out><![CDATA[22:41:18.423 [main] INFO org.springframework.mock.web.MockServletContext -- Initializing Spring TestDispatcherServlet ''
22:41:18.424 [main] INFO org.springframework.test.web.servlet.TestDispatcherServlet -- Initializing Servlet ''
22:41:18.424 [main] INFO org.springframework.test.web.servlet.TestDispatcherServlet -- Completed initialization in 0 ms
22:41:18.425 [main] WARN org.springframework.web.servlet.mvc.support.DefaultHandlerExceptionResolver -- Resolved [org.springframework.http.converter.HttpMessageNotReadableException: JSON parse error: Cannot deserialize value of type `java.util.UUID` from String "invalid-uuid": UUID has to be represented by standard 36-char representation]
]]></system-out>
  </testcase>
  <testcase name="shouldAcceptAllSuccessfully" classname="com.keepguard.ms_user_consents.adapters.in.rest.userConsent.UserConsentControllerTest" time="0.045">
    <system-out><![CDATA[22:41:18.432 [main] INFO org.springframework.mock.web.MockServletContext -- Initializing Spring TestDispatcherServlet ''
22:41:18.432 [main] INFO org.springframework.test.web.servlet.TestDispatcherServlet -- Initializing Servlet ''
22:41:18.432 [main] INFO org.springframework.test.web.servlet.TestDispatcherServlet -- Completed initialization in 0 ms
22:41:18.463 [main] INFO com.keepguard.ms_user_consents.adapters.in.rest.userConsent.UserConsentController -- POST /api/v1/user-consents/accept-all - User: bd1202c0-f121-431a-8546-5f8389ed2541, Application: 550e8400-e29b-41d4-a716-446655440000
22:41:18.463 [main] INFO com.keepguard.ms_user_consents.adapters.in.rest.userConsent.UserConsentController -- Aceite em lote concluído - User: bd1202c0-f121-431a-8546-5f8389ed2541, Total aceitos: 1, Application: 550e8400-e29b-41d4-a716-446655440000
]]></system-out>
  </testcase>
  <testcase name="shouldFindConsentByIdSuccessfully" classname="com.keepguard.ms_user_consents.adapters.in.rest.userConsent.UserConsentControllerTest" time="0.009">
    <system-out><![CDATA[22:41:18.477 [main] INFO org.springframework.mock.web.MockServletContext -- Initializing Spring TestDispatcherServlet ''
22:41:18.477 [main] INFO org.springframework.test.web.servlet.TestDispatcherServlet -- Initializing Servlet ''
22:41:18.477 [main] INFO org.springframework.test.web.servlet.TestDispatcherServlet -- Completed initialization in 0 ms
22:41:18.478 [main] INFO com.keepguard.ms_user_consents.adapters.in.rest.userConsent.UserConsentController -- GET /api/v1/user-consents/fc85b630-1289-4be1-b037-0dff09a1fd9b - Application: 550e8400-e29b-41d4-a716-446655440000
]]></system-out>
  </testcase>
  <testcase name="shouldAcceptAllAndCaptureIpAddress" classname="com.keepguard.ms_user_consents.adapters.in.rest.userConsent.UserConsentControllerTest" time="0.013">
    <system-out><![CDATA[22:41:18.486 [main] INFO org.springframework.mock.web.MockServletContext -- Initializing Spring TestDispatcherServlet ''
22:41:18.486 [main] INFO org.springframework.test.web.servlet.TestDispatcherServlet -- Initializing Servlet ''
22:41:18.486 [main] INFO org.springframework.test.web.servlet.TestDispatcherServlet -- Completed initialization in 0 ms
22:41:18.490 [main] INFO com.keepguard.ms_user_consents.adapters.in.rest.userConsent.UserConsentController -- POST /api/v1/user-consents/accept-all - User: 79e7e82e-cccb-4a49-8d8e-e76e07622cf4, Application: 550e8400-e29b-41d4-a716-446655440000
22:41:18.490 [main] INFO com.keepguard.ms_user_consents.adapters.in.rest.userConsent.UserConsentController -- Aceite em lote concluído - User: 79e7e82e-cccb-4a49-8d8e-e76e07622cf4, Total aceitos: 0, Application: 550e8400-e29b-41d4-a716-446655440000
]]></system-out>
  </testcase>
  <testcase name="shouldFindConsentsByUserIdSuccessfully" classname="com.keepguard.ms_user_consents.adapters.in.rest.userConsent.UserConsentControllerTest" time="0.01">
    <system-out><![CDATA[22:41:18.500 [main] INFO org.springframework.mock.web.MockServletContext -- Initializing Spring TestDispatcherServlet ''
22:41:18.500 [main] INFO org.springframework.test.web.servlet.TestDispatcherServlet -- Initializing Servlet ''
22:41:18.501 [main] INFO org.springframework.test.web.servlet.TestDispatcherServlet -- Completed initialization in 0 ms
22:41:18.502 [main] INFO com.keepguard.ms_user_consents.adapters.in.rest.userConsent.UserConsentController -- GET /api/v1/user-consents/user/50c95d5d-69dc-4ee7-aa51-68fca57fbce3 - Application: 550e8400-e29b-41d4-a716-446655440000
]]></system-out>
  </testcase>
  <testcase name="shouldAcceptAllValidateTenantId" classname="com.keepguard.ms_user_consents.adapters.in.rest.userConsent.UserConsentControllerTest" time="0.009">
    <system-out><![CDATA[22:41:18.509 [main] INFO org.springframework.mock.web.MockServletContext -- Initializing Spring TestDispatcherServlet ''
22:41:18.509 [main] INFO org.springframework.test.web.servlet.TestDispatcherServlet -- Initializing Servlet ''
22:41:18.509 [main] INFO org.springframework.test.web.servlet.TestDispatcherServlet -- Completed initialization in 0 ms
22:41:18.513 [main] WARN org.springframework.web.servlet.mvc.support.DefaultHandlerExceptionResolver -- Resolved [org.springframework.web.bind.MissingRequestHeaderException: Required request header 'X-Tenant-Id' for method parameter type String is not present]
]]></system-out>
  </testcase>
  <testcase name="shouldAcceptConsentSuccessfully" classname="com.keepguard.ms_user_consents.adapters.in.rest.userConsent.UserConsentControllerTest" time="0.014">
    <system-out><![CDATA[22:41:18.518 [main] INFO org.springframework.mock.web.MockServletContext -- Initializing Spring TestDispatcherServlet ''
22:41:18.518 [main] INFO org.springframework.test.web.servlet.TestDispatcherServlet -- Initializing Servlet ''
22:41:18.518 [main] INFO org.springframework.test.web.servlet.TestDispatcherServlet -- Completed initialization in 0 ms
22:41:18.524 [main] INFO com.keepguard.ms_user_consents.adapters.in.rest.userConsent.UserConsentController -- POST /api/v1/user-consents/accept - User: 47d81684-92af-44ac-9072-d26124dd31ab, Document: ce3af986-91d0-41a7-a305-5cc9e666b9ea, Application: 550e8400-e29b-41d4-a716-446655440000
22:41:18.525 [main] INFO com.keepguard.ms_user_consents.adapters.in.rest.userConsent.UserConsentController -- Consentimento aceito com sucesso - User: 47d81684-92af-44ac-9072-d26124dd31ab, Document: ce3af986-91d0-41a7-a305-5cc9e666b9ea, Application: 550e8400-e29b-41d4-a716-446655440000
]]></system-out>
  </testcase>
  <testcase name="shouldCheckIfUserAcceptedSpecificVersion" classname="com.keepguard.ms_user_consents.adapters.in.rest.userConsent.UserConsentControllerTest" time="0.009">
    <system-out><![CDATA[22:41:18.533 [main] INFO org.springframework.mock.web.MockServletContext -- Initializing Spring TestDispatcherServlet ''
22:41:18.533 [main] INFO org.springframework.test.web.servlet.TestDispatcherServlet -- Initializing Servlet ''
22:41:18.533 [main] INFO org.springframework.test.web.servlet.TestDispatcherServlet -- Completed initialization in 0 ms
22:41:18.535 [main] INFO com.keepguard.ms_user_consents.adapters.in.rest.userConsent.UserConsentController -- GET /api/v1/user-consents/user/ae5ce5b0-d5c2-4a50-b56f-d63cb19d44a0/document/8b05b7c6-b831-4c62-b6e3-3517dad802b1/version/1/check - Application: 550e8400-e29b-41d4-a716-446655440000
]]></system-out>
  </testcase>
  <testcase name="shouldAcceptAllWithEmptyResult" classname="com.keepguard.ms_user_consents.adapters.in.rest.userConsent.UserConsentControllerTest" time="0.012">
    <system-out><![CDATA[22:41:18.542 [main] INFO org.springframework.mock.web.MockServletContext -- Initializing Spring TestDispatcherServlet ''
22:41:18.542 [main] INFO org.springframework.test.web.servlet.TestDispatcherServlet -- Initializing Servlet ''
22:41:18.542 [main] INFO org.springframework.test.web.servlet.TestDispatcherServlet -- Completed initialization in 0 ms
22:41:18.545 [main] INFO com.keepguard.ms_user_consents.adapters.in.rest.userConsent.UserConsentController -- POST /api/v1/user-consents/accept-all - User: e2375f34-fe0a-4e91-beb2-a0d3ef1ee5a1, Application: 550e8400-e29b-41d4-a716-446655440000
22:41:18.546 [main] INFO com.keepguard.ms_user_consents.adapters.in.rest.userConsent.UserConsentController -- Aceite em lote concluído - User: e2375f34-fe0a-4e91-beb2-a0d3ef1ee5a1, Total aceitos: 0, Application: 550e8400-e29b-41d4-a716-446655440000
]]></system-out>
  </testcase>
</testsuite>